<?xml version="1.0" encoding="UTF-8"?>
<testsuite xmlns:xsi="http://www.w3.org/2001/XMLSchema-instance" xsi:noNamespaceSchemaLocation="https://maven.apache.org/surefire/maven-failsafe-plugin/xsd/failsafe-test-report.xsd" name="com.lazerycode.selenium.tests.GoogleExampleIT" time="9.627" tests="2" errors="0" skipped="0" failures="1">
  <properties>
    <property name="sun.desktop" value="windows"/>
    <property name="awt.toolkit" value="sun.awt.windows.WToolkit"/>
    <property name="java.specification.version" value="1.8"/>
    <property name="file.encoding.pkg" value="sun.io"/>
    <property name="webdriver.chrome.driver" value="C:\Temp\Virtualisering och DevOps\final project\practical project\Selenium-Maven-Template\src\test\resources\selenium_standalone_binaries\windows\googlechrome\64bit\chromedriver.exe"/>
    <property name="proxyUsername" value=""/>
    <property name="sun.cpu.isalist" value="amd64"/>
    <property name="sun.jnu.encoding" value="Cp1252"/>
    <property name="java.class.path" value="C:\Temp\Virtualisering och DevOps\final project\practical project\Selenium-Maven-Template\target\test-classes;C:\Temp\Virtualisering och DevOps\final project\practical project\Selenium-Maven-Template\target\maven-template-1.0-SNAPSHOT.jar;C:\Users\a-antonta\.m2\repository\org\apache\logging\log4j\log4j-core\2.14.0\log4j-core-2.14.0.jar;C:\Users\a-antonta\.m2\repository\org\apache\logging\log4j\log4j-api\2.14.0\log4j-api-2.14.0.jar;C:\Users\a-antonta\.m2\repository\org\apache\logging\log4j\log4j-slf4j-impl\2.14.0\log4j-slf4j-impl-2.14.0.jar;C:\Users\a-antonta\.m2\repository\org\slf4j\slf4j-api\1.7.25\slf4j-api-1.7.25.jar;C:\Users\a-antonta\.m2\repository\org\fusesource\jansi\jansi\2.0.1\jansi-2.0.1.jar;C:\Users\a-antonta\.m2\repository\org\seleniumhq\selenium\selenium-remote-driver\3.141.59\selenium-remote-driver-3.141.59.jar;C:\Users\a-antonta\.m2\repository\org\seleniumhq\selenium\selenium-api\3.141.59\selenium-api-3.141.59.jar;C:\Users\a-antonta\.m2\repository\net\bytebuddy\byte-buddy\1.8.15\byte-buddy-1.8.15.jar;C:\Users\a-antonta\.m2\repository\org\apache\commons\commons-exec\1.3\commons-exec-1.3.jar;C:\Users\a-antonta\.m2\repository\com\google\guava\guava\25.0-jre\guava-25.0-jre.jar;C:\Users\a-antonta\.m2\repository\com\google\code\findbugs\jsr305\1.3.9\jsr305-1.3.9.jar;C:\Users\a-antonta\.m2\repository\org\checkerframework\checker-compat-qual\2.0.0\checker-compat-qual-2.0.0.jar;C:\Users\a-antonta\.m2\repository\com\google\errorprone\error_prone_annotations\2.1.3\error_prone_annotations-2.1.3.jar;C:\Users\a-antonta\.m2\repository\com\google\j2objc\j2objc-annotations\1.1\j2objc-annotations-1.1.jar;C:\Users\a-antonta\.m2\repository\org\codehaus\mojo\animal-sniffer-annotations\1.14\animal-sniffer-annotations-1.14.jar;C:\Users\a-antonta\.m2\repository\com\squareup\okhttp3\okhttp\3.11.0\okhttp-3.11.0.jar;C:\Users\a-antonta\.m2\repository\com\squareup\okio\okio\1.14.0\okio-1.14.0.jar;C:\Users\a-antonta\.m2\repository\org\seleniumhq\selenium\selenium-java\3.141.59\selenium-java-3.141.59.jar;C:\Users\a-antonta\.m2\repository\org\seleniumhq\selenium\selenium-chrome-driver\3.141.59\selenium-chrome-driver-3.141.59.jar;C:\Users\a-antonta\.m2\repository\org\seleniumhq\selenium\selenium-edge-driver\3.141.59\selenium-edge-driver-3.141.59.jar;C:\Users\a-antonta\.m2\repository\org\seleniumhq\selenium\selenium-firefox-driver\3.141.59\selenium-firefox-driver-3.141.59.jar;C:\Users\a-antonta\.m2\repository\org\seleniumhq\selenium\selenium-ie-driver\3.141.59\selenium-ie-driver-3.141.59.jar;C:\Users\a-antonta\.m2\repository\org\seleniumhq\selenium\selenium-opera-driver\3.141.59\selenium-opera-driver-3.141.59.jar;C:\Users\a-antonta\.m2\repository\org\seleniumhq\selenium\selenium-safari-driver\3.141.59\selenium-safari-driver-3.141.59.jar;C:\Users\a-antonta\.m2\repository\org\seleniumhq\selenium\selenium-support\3.141.59\selenium-support-3.141.59.jar;C:\Users\a-antonta\.m2\repository\org\testng\testng\7.3.0\testng-7.3.0.jar;C:\Users\a-antonta\.m2\repository\com\beust\jcommander\1.78\jcommander-1.78.jar;C:\Users\a-antonta\.m2\repository\org\apache\ant\ant\1.10.3\ant-1.10.3.jar;C:\Users\a-antonta\.m2\repository\org\apache\ant\ant-launcher\1.10.3\ant-launcher-1.10.3.jar;C:\Users\a-antonta\.m2\repository\junit\junit\4.12\junit-4.12.jar;C:\Users\a-antonta\.m2\repository\org\hamcrest\hamcrest-core\1.3\hamcrest-core-1.3.jar;C:\Users\a-antonta\.m2\repository\com\google\inject\guice\4.2.2\guice-4.2.2-no_aop.jar;C:\Users\a-antonta\.m2\repository\javax\inject\javax.inject\1\javax.inject-1.jar;C:\Users\a-antonta\.m2\repository\aopalliance\aopalliance\1.0\aopalliance-1.0.jar;C:\Users\a-antonta\.m2\repository\org\yaml\snakeyaml\1.21\snakeyaml-1.21.jar;C:\Users\a-antonta\.m2\repository\org\assertj\assertj-core\3.18.0\assertj-core-3.18.0.jar;C:\Users\a-antonta\.m2\repository\com\lazerycode\selenium\query\2.0.0-BETA3\query-2.0.0-BETA3.jar;C:\Users\a-antonta\.m2\repository\io\appium\java-client\6.1.0\java-client-6.1.0.jar;C:\Users\a-antonta\.m2\repository\com\google\code\gson\gson\2.8.4\gson-2.8.4.jar;C:\Users\a-antonta\.m2\repository\org\apache\httpcomponents\httpclient\4.5.5\httpclient-4.5.5.jar;C:\Users\a-antonta\.m2\repository\org\apache\httpcomponents\httpcore\4.4.9\httpcore-4.4.9.jar;C:\Users\a-antonta\.m2\repository\commons-logging\commons-logging\1.2\commons-logging-1.2.jar;C:\Users\a-antonta\.m2\repository\commons-codec\commons-codec\1.10\commons-codec-1.10.jar;C:\Users\a-antonta\.m2\repository\cglib\cglib\3.2.6\cglib-3.2.6.jar;C:\Users\a-antonta\.m2\repository\org\ow2\asm\asm\6.0\asm-6.0.jar;C:\Users\a-antonta\.m2\repository\commons-validator\commons-validator\1.6\commons-validator-1.6.jar;C:\Users\a-antonta\.m2\repository\commons-beanutils\commons-beanutils\1.9.2\commons-beanutils-1.9.2.jar;C:\Users\a-antonta\.m2\repository\commons-digester\commons-digester\1.8.1\commons-digester-1.8.1.jar;C:\Users\a-antonta\.m2\repository\commons-collections\commons-collections\3.2.2\commons-collections-3.2.2.jar;C:\Users\a-antonta\.m2\repository\org\apache\commons\commons-lang3\3.7\commons-lang3-3.7.jar;C:\Users\a-antonta\.m2\repository\commons-io\commons-io\2.6\commons-io-2.6.jar;C:\Users\a-antonta\.m2\repository\org\springframework\spring-context\5.0.5.RELEASE\spring-context-5.0.5.RELEASE.jar;C:\Users\a-antonta\.m2\repository\org\springframework\spring-aop\5.0.5.RELEASE\spring-aop-5.0.5.RELEASE.jar;C:\Users\a-antonta\.m2\repository\org\springframework\spring-beans\5.0.5.RELEASE\spring-beans-5.0.5.RELEASE.jar;C:\Users\a-antonta\.m2\repository\org\springframework\spring-core\5.0.5.RELEASE\spring-core-5.0.5.RELEASE.jar;C:\Users\a-antonta\.m2\repository\org\springframework\spring-jcl\5.0.5.RELEASE\spring-jcl-5.0.5.RELEASE.jar;C:\Users\a-antonta\.m2\repository\org\springframework\spring-expression\5.0.5.RELEASE\spring-expression-5.0.5.RELEASE.jar;C:\Users\a-antonta\.m2\repository\org\aspectj\aspectjweaver\1.9.1\aspectjweaver-1.9.1.jar;C:\Users\a-antonta\.m2\repository\org\openpnp\opencv\3.2.0-1\opencv-3.2.0-1.jar;"/>
    <property name="java.vm.vendor" value="Oracle Corporation"/>
    <property name="sun.arch.data.model" value="64"/>
    <property name="webdriver.ie.driver" value="C:\Temp\Virtualisering och DevOps\final project\practical project\Selenium-Maven-Template\src\test\resources\selenium_standalone_binaries\windows\internetexplorer\64bit\IEDriverServer.exe"/>
    <property name="proxyPort" value=""/>
    <property name="user.variant" value=""/>
    <property name="java.vendor.url" value="http://java.oracle.com/"/>
    <property name="user.timezone" value="Europe/Berlin"/>
    <property name="os.name" value="Windows 10"/>
    <property name="java.vm.specification.version" value="1.8"/>
    <property name="sun.java.launcher" value="SUN_STANDARD"/>
    <property name="user.country" value="SE"/>
    <property name="sun.boot.library.path" value="C:\Program Files\Java\jdk1.8.0_151\jre\bin"/>
    <property name="sun.java.command" value="C:\Users\A-ANTO~1\AppData\Local\Temp\surefire197590454747560168\surefirebooter4814255277110775189.jar C:\Users\a-antonta\AppData\Local\Temp\surefire197590454747560168 2020-12-03T17-55-32_940-jvmRun1 surefire648794913014720798tmp surefire_0447468754636814459tmp"/>
    <property name="surefire.test.class.path" value="C:\Temp\Virtualisering och DevOps\final project\practical project\Selenium-Maven-Template\target\test-classes;C:\Temp\Virtualisering och DevOps\final project\practical project\Selenium-Maven-Template\target\maven-template-1.0-SNAPSHOT.jar;C:\Users\a-antonta\.m2\repository\org\apache\logging\log4j\log4j-core\2.14.0\log4j-core-2.14.0.jar;C:\Users\a-antonta\.m2\repository\org\apache\logging\log4j\log4j-api\2.14.0\log4j-api-2.14.0.jar;C:\Users\a-antonta\.m2\repository\org\apache\logging\log4j\log4j-slf4j-impl\2.14.0\log4j-slf4j-impl-2.14.0.jar;C:\Users\a-antonta\.m2\repository\org\slf4j\slf4j-api\1.7.25\slf4j-api-1.7.25.jar;C:\Users\a-antonta\.m2\repository\org\fusesource\jansi\jansi\2.0.1\jansi-2.0.1.jar;C:\Users\a-antonta\.m2\repository\org\seleniumhq\selenium\selenium-remote-driver\3.141.59\selenium-remote-driver-3.141.59.jar;C:\Users\a-antonta\.m2\repository\org\seleniumhq\selenium\selenium-api\3.141.59\selenium-api-3.141.59.jar;C:\Users\a-antonta\.m2\repository\net\bytebuddy\byte-buddy\1.8.15\byte-buddy-1.8.15.jar;C:\Users\a-antonta\.m2\repository\org\apache\commons\commons-exec\1.3\commons-exec-1.3.jar;C:\Users\a-antonta\.m2\repository\com\google\guava\guava\25.0-jre\guava-25.0-jre.jar;C:\Users\a-antonta\.m2\repository\com\google\code\findbugs\jsr305\1.3.9\jsr305-1.3.9.jar;C:\Users\a-antonta\.m2\repository\org\checkerframework\checker-compat-qual\2.0.0\checker-compat-qual-2.0.0.jar;C:\Users\a-antonta\.m2\repository\com\google\errorprone\error_prone_annotations\2.1.3\error_prone_annotations-2.1.3.jar;C:\Users\a-antonta\.m2\repository\com\google\j2objc\j2objc-annotations\1.1\j2objc-annotations-1.1.jar;C:\Users\a-antonta\.m2\repository\org\codehaus\mojo\animal-sniffer-annotations\1.14\animal-sniffer-annotations-1.14.jar;C:\Users\a-antonta\.m2\repository\com\squareup\okhttp3\okhttp\3.11.0\okhttp-3.11.0.jar;C:\Users\a-antonta\.m2\repository\com\squareup\okio\okio\1.14.0\okio-1.14.0.jar;C:\Users\a-antonta\.m2\repository\org\seleniumhq\selenium\selenium-java\3.141.59\selenium-java-3.141.59.jar;C:\Users\a-antonta\.m2\repository\org\seleniumhq\selenium\selenium-chrome-driver\3.141.59\selenium-chrome-driver-3.141.59.jar;C:\Users\a-antonta\.m2\repository\org\seleniumhq\selenium\selenium-edge-driver\3.141.59\selenium-edge-driver-3.141.59.jar;C:\Users\a-antonta\.m2\repository\org\seleniumhq\selenium\selenium-firefox-driver\3.141.59\selenium-firefox-driver-3.141.59.jar;C:\Users\a-antonta\.m2\repository\org\seleniumhq\selenium\selenium-ie-driver\3.141.59\selenium-ie-driver-3.141.59.jar;C:\Users\a-antonta\.m2\repository\org\seleniumhq\selenium\selenium-opera-driver\3.141.59\selenium-opera-driver-3.141.59.jar;C:\Users\a-antonta\.m2\repository\org\seleniumhq\selenium\selenium-safari-driver\3.141.59\selenium-safari-driver-3.141.59.jar;C:\Users\a-antonta\.m2\repository\org\seleniumhq\selenium\selenium-support\3.141.59\selenium-support-3.141.59.jar;C:\Users\a-antonta\.m2\repository\org\testng\testng\7.3.0\testng-7.3.0.jar;C:\Users\a-antonta\.m2\repository\com\beust\jcommander\1.78\jcommander-1.78.jar;C:\Users\a-antonta\.m2\repository\org\apache\ant\ant\1.10.3\ant-1.10.3.jar;C:\Users\a-antonta\.m2\repository\org\apache\ant\ant-launcher\1.10.3\ant-launcher-1.10.3.jar;C:\Users\a-antonta\.m2\repository\junit\junit\4.12\junit-4.12.jar;C:\Users\a-antonta\.m2\repository\org\hamcrest\hamcrest-core\1.3\hamcrest-core-1.3.jar;C:\Users\a-antonta\.m2\repository\com\google\inject\guice\4.2.2\guice-4.2.2-no_aop.jar;C:\Users\a-antonta\.m2\repository\javax\inject\javax.inject\1\javax.inject-1.jar;C:\Users\a-antonta\.m2\repository\aopalliance\aopalliance\1.0\aopalliance-1.0.jar;C:\Users\a-antonta\.m2\repository\org\yaml\snakeyaml\1.21\snakeyaml-1.21.jar;C:\Users\a-antonta\.m2\repository\org\assertj\assertj-core\3.18.0\assertj-core-3.18.0.jar;C:\Users\a-antonta\.m2\repository\com\lazerycode\selenium\query\2.0.0-BETA3\query-2.0.0-BETA3.jar;C:\Users\a-antonta\.m2\repository\io\appium\java-client\6.1.0\java-client-6.1.0.jar;C:\Users\a-antonta\.m2\repository\com\google\code\gson\gson\2.8.4\gson-2.8.4.jar;C:\Users\a-antonta\.m2\repository\org\apache\httpcomponents\httpclient\4.5.5\httpclient-4.5.5.jar;C:\Users\a-antonta\.m2\repository\org\apache\httpcomponents\httpcore\4.4.9\httpcore-4.4.9.jar;C:\Users\a-antonta\.m2\repository\commons-logging\commons-logging\1.2\commons-logging-1.2.jar;C:\Users\a-antonta\.m2\repository\commons-codec\commons-codec\1.10\commons-codec-1.10.jar;C:\Users\a-antonta\.m2\repository\cglib\cglib\3.2.6\cglib-3.2.6.jar;C:\Users\a-antonta\.m2\repository\org\ow2\asm\asm\6.0\asm-6.0.jar;C:\Users\a-antonta\.m2\repository\commons-validator\commons-validator\1.6\commons-validator-1.6.jar;C:\Users\a-antonta\.m2\repository\commons-beanutils\commons-beanutils\1.9.2\commons-beanutils-1.9.2.jar;C:\Users\a-antonta\.m2\repository\commons-digester\commons-digester\1.8.1\commons-digester-1.8.1.jar;C:\Users\a-antonta\.m2\repository\commons-collections\commons-collections\3.2.2\commons-collections-3.2.2.jar;C:\Users\a-antonta\.m2\repository\org\apache\commons\commons-lang3\3.7\commons-lang3-3.7.jar;C:\Users\a-antonta\.m2\repository\commons-io\commons-io\2.6\commons-io-2.6.jar;C:\Users\a-antonta\.m2\repository\org\springframework\spring-context\5.0.5.RELEASE\spring-context-5.0.5.RELEASE.jar;C:\Users\a-antonta\.m2\repository\org\springframework\spring-aop\5.0.5.RELEASE\spring-aop-5.0.5.RELEASE.jar;C:\Users\a-antonta\.m2\repository\org\springframework\spring-beans\5.0.5.RELEASE\spring-beans-5.0.5.RELEASE.jar;C:\Users\a-antonta\.m2\repository\org\springframework\spring-core\5.0.5.RELEASE\spring-core-5.0.5.RELEASE.jar;C:\Users\a-antonta\.m2\repository\org\springframework\spring-jcl\5.0.5.RELEASE\spring-jcl-5.0.5.RELEASE.jar;C:\Users\a-antonta\.m2\repository\org\springframework\spring-expression\5.0.5.RELEASE\spring-expression-5.0.5.RELEASE.jar;C:\Users\a-antonta\.m2\repository\org\aspectj\aspectjweaver\1.9.1\aspectjweaver-1.9.1.jar;C:\Users\a-antonta\.m2\repository\org\openpnp\opencv\3.2.0-1\opencv-3.2.0-1.jar;"/>
    <property name="sun.cpu.endian" value="little"/>
    <property name="user.home" value="C:\Users\a-antonta"/>
    <property name="user.language" value="sv"/>
    <property name="remoteDriver" value="false"/>
    <property name="java.specification.vendor" value="Oracle Corporation"/>
    <property name="screenshotDirectory" value="C:\Temp\Virtualisering och DevOps\final project\practical project\Selenium-Maven-Template\target/screenshots"/>
    <property name="java.home" value="C:\Program Files\Java\jdk1.8.0_151\jre"/>
    <property name="proxyHost" value=""/>
    <property name="file.separator" value="\"/>
    <property name="basedir" value="C:\Temp\Virtualisering och DevOps\final project\practical project\Selenium-Maven-Template"/>
    <property name="line.separator" value="&#10;"/>
    <property name="java.vm.specification.vendor" value="Oracle Corporation"/>
    <property name="java.specification.name" value="Java Platform API Specification"/>
    <property name="java.awt.graphicsenv" value="sun.awt.Win32GraphicsEnvironment"/>
    <property name="surefire.real.class.path" value="C:\Users\A-ANTO~1\AppData\Local\Temp\surefire197590454747560168\surefirebooter4814255277110775189.jar"/>
    <property name="desiredPlatform" value=""/>
    <property name="proxyEnabled" value="false"/>
    <property name="sun.boot.class.path" value="C:\Program Files\Java\jdk1.8.0_151\jre\lib\resources.jar;C:\Program Files\Java\jdk1.8.0_151\jre\lib\rt.jar;C:\Program Files\Java\jdk1.8.0_151\jre\lib\sunrsasign.jar;C:\Program Files\Java\jdk1.8.0_151\jre\lib\jsse.jar;C:\Program Files\Java\jdk1.8.0_151\jre\lib\jce.jar;C:\Program Files\Java\jdk1.8.0_151\jre\lib\charsets.jar;C:\Program Files\Java\jdk1.8.0_151\jre\lib\jfr.jar;C:\Program Files\Java\jdk1.8.0_151\jre\classes"/>
    <property name="user.script" value=""/>
    <property name="sun.management.compiler" value="HotSpot 64-Bit Tiered Compilers"/>
    <property name="java.runtime.version" value="1.8.0_151-b12"/>
    <property name="webdriver.edge.driver" value="C:\Temp\Virtualisering och DevOps\final project\practical project\Selenium-Maven-Template\src\test\resources\selenium_standalone_binaries\windows\edge\64bit\msedgedriver.exe"/>
    <property name="user.name" value="a-antonta"/>
    <property name="path.separator" value=";"/>
    <property name="webdriver.opera.driver" value="C:\Temp\Virtualisering och DevOps\final project\practical project\Selenium-Maven-Template\src\test\resources\selenium_standalone_binaries\windows\operachromium\64bit\operadriver.exe"/>
    <property name="os.version" value="10.0"/>
    <property name="java.endorsed.dirs" value="C:\Program Files\Java\jdk1.8.0_151\jre\lib\endorsed"/>
    <property name="java.runtime.name" value="Java(TM) SE Runtime Environment"/>
    <property name="file.encoding" value="Cp1252"/>
    <property name="browser" value="firefox"/>
    <property name="java.vm.name" value="Java HotSpot(TM) 64-Bit Server VM"/>
    <property name="localRepository" value="C:\Users\a-antonta\.m2\repository"/>
    <property name="java.vendor.url.bug" value="http://bugreport.sun.com/bugreport/"/>
    <property name="java.io.tmpdir" value="C:\Users\A-ANTO~1\AppData\Local\Temp\"/>
    <property name="desiredBrowserVersion" value=""/>
    <property name="java.version" value="1.8.0_151"/>
    <property name="user.dir" value="C:\Temp\Virtualisering och DevOps\final project\practical project\Selenium-Maven-Template"/>
    <property name="os.arch" value="amd64"/>
    <property name="proxyPassword" value=""/>
    <property name="webdriver.gecko.driver" value="C:\Temp\Virtualisering och DevOps\final project\practical project\Selenium-Maven-Template\src\test\resources\selenium_standalone_binaries\windows\marionette\64bit\geckodriver.exe"/>
    <property name="gridURL" value=""/>
    <property name="java.vm.specification.name" value="Java Virtual Machine Specification"/>
    <property name="java.awt.printerjob" value="sun.awt.windows.WPrinterJob"/>
    <property name="sun.os.patch.level" value=""/>
    <property name="headless" value="false"/>
    <property name="java.library.path" value="C:\Program Files\Java\jdk1.8.0_151\jre\bin;C:\WINDOWS\Sun\Java\bin;C:\WINDOWS\system32;C:\WINDOWS;C:\dev\cmder_mini\vendor\bin;C:\dev\cmder_mini\vendor\conemu-maximus5\ConEmu\Scripts;C:\dev\cmder_mini\vendor\conemu-maximus5;C:\dev\cmder_mini\vendor\conemu-maximus5\ConEmu;C:\Program Files\Java\jdk1.8.0_151\bin;C:\Program Files (x86)\Common Files\Oracle\Java\javapath;C:\Apps\oracle\product\11.2.0\client_1\bin;C:\WINDOWS\system32;C:\WINDOWS;C:\WINDOWS\System32\Wbem;C:\WINDOWS\System32\WindowsPowerShell\v1.0\;C:\Program Files\TortoiseSVN\bin;C:\Program Files\Git\cmd;C:\dev\apache-maven-3.6.0\bin;C:\dev\nodejs\;C:\dev\nodejs\npm;C:\Apps\Vera\Bin;C:\Program Files\Docker\Docker\resources\bin;C:\ProgramData\DockerDesktop\version-bin;C:\Program Files\dotnet\;C:\Users\a-antonta\AppData\Local\Programs\Fiddler;C:\dev\Fiddler;C:\Users\a-antonta\AppData\Local\Microsoft\WindowsApps;C:\Users\a-antonta\.dotnet\tools;C:\Program Files\Git\mingw64\bin;C:\Program Files\Git\usr\bin;C:\dev\cmder_mini;."/>
    <property name="java.vendor" value="Oracle Corporation"/>
    <property name="java.vm.info" value="mixed mode"/>
    <property name="java.vm.version" value="25.151-b12"/>
    <property name="sun.io.unicode.encoding" value="UnicodeLittle"/>
    <property name="java.ext.dirs" value="C:\Program Files\Java\jdk1.8.0_151\jre\lib\ext;C:\WINDOWS\Sun\Java\lib\ext"/>
    <property name="java.class.version" value="52.0"/>
  </properties>
  <testcase name="googleCheeseExample" classname="com.lazerycode.selenium.tests.GoogleExampleIT" time="5.633">
    <failure type="java.lang.AssertionError">java.lang.AssertionError
	at com.lazerycode.selenium.tests.GoogleExampleIT.googleCheeseExample(GoogleExampleIT.java:44)
</failure>
    <system-out><![CDATA[[&amp#27;[34m17:55:35,309 INFO&amp#27;[m][&amp#27;[35mTID 16&amp#27;[m][&amp#27;[36mc.l.s.c.DriverFactory.instantiateWebDriver&amp#27;[m] Local Operating System: WINDOWS 10  
[&amp#27;[34m17:55:35,313 INFO&amp#27;[m][&amp#27;[35mTID 16&amp#27;[m][&amp#27;[36mc.l.s.c.DriverFactory.instantiateWebDriver&amp#27;[m] Local Architecture: amd64  
[&amp#27;[34m17:55:35,313 INFO&amp#27;[m][&amp#27;[35mTID 16&amp#27;[m][&amp#27;[36mc.l.s.c.DriverFactory.instantiateWebDriver&amp#27;[m] Selected Browser: firefox  
[&amp#27;[34m17:55:35,313 INFO&amp#27;[m][&amp#27;[35mTID 16&amp#27;[m][&amp#27;[36mc.l.s.c.DriverFactory.instantiateWebDriver&amp#27;[m] Connecting to Selenium Grid: false  
[&amp#27;[34m17:55:40,890 INFO&amp#27;[m][&amp#27;[35mTID 16&amp#27;[m][&amp#27;[36mc.l.s.l.ScreenshotListener.onTestFailure&amp#27;[m] Written screenshot to C:\Temp\Virtualisering och DevOps\final project\practical project\Selenium-Maven-Template\target/screenshots\1607014540797_googleCheeseExample.png  
]]></system-out>
    <system-err><![CDATA[1607014536129	geckodriver	INFO	Listening on 127.0.0.1:36642
1607014536877	mozrunner::runner	INFO	Running command: "C:\\Program Files\\Mozilla Firefox\\firefox.exe" "--marionette" "-foreground" "-no-remote" "-profile" "C:\\Users\\A-ANTO~1\\AppData\\Local\\Temp\\rust_mozprofilerKspbz"
Can't find symbol 'eglSwapBuffersWithDamageEXT'.
Can't find symbol 'eglSetDamageRegionKHR'.
JavaScript error: resource://gre/modules/XULStore.jsm, line 66: Error: Can't find profile directory.
console.warn: SearchSettings: "get: No settings file exists, new profile?" (new Error("", "(unknown module)"))
1607014540003	Marionette	INFO	Listening on port 59850
1607014540511	Marionette	WARN	TLS certificate errors will be ignored for this session
dec 03, 2020 5:55:40 EM org.openqa.selenium.remote.ProtocolHandshake createSession
INFO: Detected dialect: W3C
]]></system-err>
  </testcase>
  <testcase name="googleMilkExample" classname="com.lazerycode.selenium.tests.GoogleExampleIT" time="1.477"/>
</testsuite>